[1127/084932.185:ERROR:directory_reader_win.cc(43)] FindFirstFile: 系统找不到指定的路径。 (0x3)
[1130/082017.829:ERROR:directory_reader_win.cc(43)] FindFirstFile: 系统找不到指定的路径。 (0x3)
[1204/141249.888:ERROR:directory_reader_win.cc(43)] FindFirstFile: 系统找不到指定的路径。 (0x3)
[1204/141255.865:ERROR:process_memory_win.cc(73)] ReadMemory at 0x7ff7a59d0000 of 64 bytes failed: 仅完成部分的 ReadProcessMemory 或 WriteProcessMemory 请求。 (0x12B)
[1204/141255.866:WARNING:pe_image_reader.cc(340)] could not read dos header from C:\Program Files (x86)\Google\Chrome\Application\chrome.exe
[1204/141255.866:ERROR:process_memory_win.cc(73)] ReadMemory at 0x7ffa6b640000 of 64 bytes failed: 仅完成部分的 ReadProcessMemory 或 WriteProcessMemory 请求。 (0x12B)
[1204/141255.866:WARNING:pe_image_reader.cc(340)] could not read dos header from C:\WINDOWS\SYSTEM32\ntdll.dll
[1204/141255.866:ERROR:process_memory_win.cc(73)] ReadMemory at 0x7ffa69f90000 of 64 bytes failed: 仅完成部分的 ReadProcessMemory 或 WriteProcessMemory 请求。 (0x12B)
[1204/141255.866:WARNING:pe_image_reader.cc(340)] could not read dos header from C:\WINDOWS\System32\KERNEL32.DLL
[1204/141255.866:ERROR:process_memory_win.cc(73)] ReadMemory at 0x7ffa68b60000 of 64 bytes failed: 仅完成部分的 ReadProcessMemory 或 WriteProcessMemory 请求。 (0x12B)
[1204/141255.866:WARNING:pe_image_reader.cc(340)] could not read dos header from C:\WINDOWS\System32\KERNELBASE.dll
[1204/141255.866:ERROR:process_memory_win.cc(73)] ReadMemory at 0x7ffa2da40000 of 64 bytes failed: 仅完成部分的 ReadProcessMemory 或 WriteProcessMemory 请求。 (0x12B)
[1204/141255.866:WARNING:pe_image_reader.cc(340)] could not read dos header from C:\Program Files (x86)\Google\Chrome\Application\86.0.4240.111\chrome_elf.dll
[1204/141255.866:ERROR:process_memory_win.cc(73)] ReadMemory at 0x7ffa680d0000 of 64 bytes failed: 仅完成部分的 ReadProcessMemory 或 WriteProcessMemory 请求。 (0x12B)
[1204/141255.866:WARNING:pe_image_reader.cc(340)] could not read dos header from C:\WINDOWS\SYSTEM32\VERSION.dll
[1204/141255.866:ERROR:process_memory_win.cc(73)] ReadMemory at 0x29ada3b0000 of 64 bytes failed: 仅完成部分的 ReadProcessMemory 或 WriteProcessMemory 请求。 (0x12B)
[1204/141255.866:WARNING:pe_image_reader.cc(340)] could not read dos header from C:\WINDOWS\System32\msvcrt.dll
[1204/141255.866:ERROR:process_memory_win.cc(73)] ReadMemory at 0x7ffa68ae0000 of 64 bytes failed: 仅完成部分的 ReadProcessMemory 或 WriteProcessMemory 请求。 (0x12B)
[1204/141255.866:WARNING:pe_image_reader.cc(340)] could not read dos header from C:\WINDOWS\System32\bcryptPrimitives.dll
[1204/141255.866:ERROR:process_memory_win.cc(73)] ReadMemory at 0x7ffa69d40000 of 64 bytes failed: 仅完成部分的 ReadProcessMemory 或 WriteProcessMemory 请求。 (0x12B)
[1204/141255.866:WARNING:pe_image_reader.cc(340)] could not read dos header from C:\WINDOWS\System32\ADVAPI32.dll
[1204/141255.866:ERROR:process_memory_win.cc(73)] ReadMemory at 0x7ffa6a820000 of 64 bytes failed: 仅完成部分的 ReadProcessMemory 或 WriteProcessMemory 请求。 (0x12B)
[1204/141255.866:WARNING:pe_image_reader.cc(340)] could not read dos header from C:\WINDOWS\System32\sechost.dll
[1204/141255.866:ERROR:process_memory_win.cc(73)] ReadMemory at 0x7ffa699a0000 of 64 bytes failed: 仅完成部分的 ReadProcessMemory 或 WriteProcessMemory 请求。 (0x12B)
[1204/141255.866:WARNING:pe_image_reader.cc(340)] could not read dos header from C:\WINDOWS\System32\RPCRT4.dll
[1204/141255.866:ERROR:process_memory_win.cc(73)] ReadMemory at 0x7ffa12040000 of 64 bytes failed: 仅完成部分的 ReadProcessMemory 或 WriteProcessMemory 请求。 (0x12B)
[1204/141255.866:WARNING:pe_image_reader.cc(340)] could not read dos header from C:\Program Files (x86)\Google\Chrome\Application\86.0.4240.111\chrome.dll
[1204/141255.867:ERROR:process_memory_win.cc(73)] ReadMemory at 0x7ffa6a610000 of 64 bytes failed: 仅完成部分的 ReadProcessMemory 或 WriteProcessMemory 请求。 (0x12B)
[1204/141255.867:WARNING:pe_image_reader.cc(340)] could not read dos header from C:\WINDOWS\System32\WS2_32.dll
[1204/141255.867:ERROR:process_memory_win.cc(73)] ReadMemory at 0x7ffa6a8c0000 of 64 bytes failed: 仅完成部分的 ReadProcessMemory 或 WriteProcessMemory 请求。 (0x12B)
[1204/141255.867:WARNING:pe_image_reader.cc(340)] could not read dos header from C:\WINDOWS\System32\OLEAUT32.dll
[1204/141255.867:ERROR:process_memory_win.cc(73)] ReadMemory at 0x7ffa695a0000 of 64 bytes failed: 仅完成部分的 ReadProcessMemory 或 WriteProcessMemory 请求。 (0x12B)
[1204/141255.867:WARNING:pe_image_reader.cc(340)] could not read dos header from C:\WINDOWS\System32\msvcp_win.dll
[1204/141255.867:ERROR:process_memory_win.cc(73)] ReadMemory at 0x7ffa68640000 of 64 bytes failed: 仅完成部分的 ReadProcessMemory 或 WriteProcessMemory 请求。 (0x12B)
[1204/141255.867:WARNING:pe_image_reader.cc(340)] could not read dos header from C:\WINDOWS\System32\ucrtbase.dll
[1204/141255.867:ERROR:process_memory_win.cc(73)] ReadMemory at 0x7ffa6b240000 of 64 bytes failed: 仅完成部分的 ReadProcessMemory 或 WriteProcessMemory 请求。 (0x12B)
[1204/141255.867:WARNING:pe_image_reader.cc(340)] could not read dos header from C:\WINDOWS\System32\combase.dll
[1204/141255.867:ERROR:process_memory_win.cc(73)] ReadMemory at 0x7ffa68740000 of 64 bytes failed: 仅完成部分的 ReadProcessMemory 或 WriteProcessMemory 请求。 (0x12B)
[1204/141255.867:WARNING:pe_image_reader.cc(340)] could not read dos header from C:\WINDOWS\System32\WINTRUST.dll
[1204/141255.867:ERROR:process_memory_win.cc(73)] ReadMemory at 0x7ffa68500000 of 64 bytes failed: 仅完成部分的 ReadProcessMemory 或 WriteProcessMemory 请求。 (0x12B)
[1204/141255.867:WARNING:pe_image_reader.cc(340)] could not read dos header from C:\WINDOWS\System32\MSASN1.dll
[1204/141255.867:ERROR:process_memory_win.cc(73)] ReadMemory at 0x7ffa68940000 of 64 bytes failed: 仅完成部分的 ReadProcessMemory 或 WriteProcessMemory 请求。 (0x12B)
[1204/141255.867:WARNING:pe_image_reader.cc(340)] could not read dos header from C:\WINDOWS\System32\CRYPT32.dll
[1204/141255.867:ERROR:process_memory_win.cc(73)] ReadMemory at 0x7ffa66250000 of 64 bytes failed: 仅完成部分的 ReadProcessMemory 或 WriteProcessMemory 请求。 (0x12B)
[1204/141255.867:WARNING:pe_image_reader.cc(340)] could not read dos header from C:\WINDOWS\SYSTEM32\dbghelp.dll
[1204/141255.867:ERROR:process_memory_win.cc(73)] ReadMemory at 0x7ffa67980000 of 64 bytes failed: 仅完成部分的 ReadProcessMemory 或 WriteProcessMemory 请求。 (0x12B)
[1204/141255.867:WARNING:pe_image_reader.cc(340)] could not read dos header from C:\WINDOWS\SYSTEM32\IPHLPAPI.DLL
[1204/141255.867:ERROR:process_memory_win.cc(73)] ReadMemory at 0x7ffa64f20000 of 64 bytes failed: 仅完成部分的 ReadProcessMemory 或 WriteProcessMemory 请求。 (0x12B)
[1204/141255.867:WARNING:pe_image_reader.cc(340)] could not read dos header from C:\WINDOWS\SYSTEM32\WINMM.dll
[1204/141255.867:ERROR:process_memory_win.cc(73)] ReadMemory at 0x7ffa43220000 of 64 bytes failed: 仅完成部分的 ReadProcessMemory 或 WriteProcessMemory 请求。 (0x12B)
[1204/141255.867:WARNING:pe_image_reader.cc(340)] could not read dos header from C:\WINDOWS\SYSTEM32\UIAutomationCore.DLL
[1204/141255.867:ERROR:process_memory_win.cc(73)] ReadMemory at 0x7ffa53a20000 of 64 bytes failed: 仅完成部分的 ReadProcessMemory 或 WriteProcessMemory 请求。 (0x12B)
[1204/141255.867:WARNING:pe_image_reader.cc(340)] could not read dos header from C:\WINDOWS\SYSTEM32\Secur32.dll
[1204/141255.867:ERROR:process_memory_win.cc(73)] ReadMemory at 0x7ffa683d0000 of 64 bytes failed: 仅完成部分的 ReadProcessMemory 或 WriteProcessMemory 请求。 (0x12B)
[1204/141255.867:WARNING:pe_image_reader.cc(340)] could not read dos header from C:\WINDOWS\SYSTEM32\USERENV.dll
[1204/141255.867:ERROR:process_memory_win.cc(73)] ReadMemory at 0x7ffa68540000 of 64 bytes failed: 仅完成部分的 ReadProcessMemory 或 WriteProcessMemory 请求。 (0x12B)
[1204/141255.867:WARNING:pe_image_reader.cc(340)] could not read dos header from C:\WINDOWS\System32\profapi.dll
[1204/141255.867:ERROR:process_memory_win.cc(73)] ReadMemory at 0x7ffa56c20000 of 64 bytes failed: 仅完成部分的 ReadProcessMemory 或 WriteProcessMemory 请求。 (0x12B)
[1204/141255.867:WARNING:pe_image_reader.cc(340)] could not read dos header from C:\WINDOWS\SYSTEM32\DWrite.dll
[1204/141255.867:ERROR:process_memory_win.cc(73)] ReadMemory at 0x7ffa5a070000 of 64 bytes failed: 仅完成部分的 ReadProcessMemory 或 WriteProcessMemory 请求。 (0x12B)
[1204/141255.867:WARNING:pe_image_reader.cc(340)] could not read dos header from C:\WINDOWS\SYSTEM32\WINSPOOL.DRV
[1204/141255.867:ERROR:process_memory_win.cc(73)] ReadMemory at 0x7ffa68520000 of 64 bytes failed: 仅完成部分的 ReadProcessMemory 或 WriteProcessMemory 请求。 (0x12B)
[1204/141255.868:WARNING:pe_image_reader.cc(340)] could not read dos header from C:\WINDOWS\System32\kernel.appcore.dll
[1204/141255.868:ERROR:process_memory_win.cc(73)] ReadMemory at 0x7ffa685c0000 of 64 bytes failed: 仅完成部分的 ReadProcessMemory 或 WriteProcessMemory 请求。 (0x12B)
[1204/141255.868:WARNING:pe_image_reader.cc(340)] could not read dos header from C:\WINDOWS\System32\bcrypt.dll
[1204/141255.868:ERROR:process_memory_win.cc(73)] ReadMemory at 0x7ffa5a8a0000 of 64 bytes failed: 仅完成部分的 ReadProcessMemory 或 WriteProcessMemory 请求。 (0x12B)
[1204/141255.868:WARNING:pe_image_reader.cc(340)] could not read dos header from C:\WINDOWS\SYSTEM32\WINHTTP.dll
[1204/141255.868:ERROR:process_memory_win.cc(73)] ReadMemory at 0x7ffa5b980000 of 64 bytes failed: 仅完成部分的 ReadProcessMemory 或 WriteProcessMemory 请求。 (0x12B)
[1204/141255.868:WARNING:pe_image_reader.cc(340)] could not read dos header from C:\WINDOWS\SYSTEM32\dhcpcsvc.DLL
[1204/141255.868:ERROR:process_memory_win.cc(73)] ReadMemory at 0x7ffa6b5f0000 of 64 bytes failed: 仅完成部分的 ReadProcessMemory 或 WriteProcessMemory 请求。 (0x12B)
[1204/141255.868:WARNING:pe_image_reader.cc(340)] could not read dos header from C:\WINDOWS\System32\NSI.dll
[1204/141255.868:ERROR:process_memory_win.cc(73)] ReadMemory at 0x7ffa64e10000 of 64 bytes failed: 仅完成部分的 ReadProcessMemory 或 WriteProcessMemory 请求。 (0x12B)
[1204/141255.868:WARNING:pe_image_reader.cc(340)] could not read dos header from C:\WINDOWS\SYSTEM32\WINMMBASE.dll
[1204/141255.868:ERROR:process_memory_win.cc(73)] ReadMemory at 0x7ffa685f0000 of 64 bytes failed: 仅完成部分的 ReadProcessMemory 或 WriteProcessMemory 请求。 (0x12B)
[1204/141255.868:WARNING:pe_image_reader.cc(340)] could not read dos header from C:\WINDOWS\System32\cfgmgr32.dll
[1204/141255.868:ERROR:process_memory_win.cc(73)] ReadMemory at 0x7ffa66f20000 of 64 bytes failed: 仅完成部分的 ReadProcessMemory 或 WriteProcessMemory 请求。 (0x12B)
[1204/141255.868:WARNING:pe_image_reader.cc(340)] could not read dos header from C:\WINDOWS\SYSTEM32\PROPSYS.dll
[1204/141255.868:ERROR:process_memory_win.cc(73)] ReadMemory at 0x7ffa6a0f0000 of 64 bytes failed: 仅完成部分的 ReadProcessMemory 或 WriteProcessMemory 请求。 (0x12B)
[1204/141255.868:WARNING:pe_image_reader.cc(340)] could not read dos header from C:\WINDOWS\System32\shcore.dll
[1204/141255.868:ERROR:process_memory_win.cc(73)] ReadMemory at 0x7ffa68400000 of 64 bytes failed: 仅完成部分的 ReadProcessMemory 或 WriteProcessMemory 请求。 (0x12B)
[1204/141255.868:WARNING:pe_image_reader.cc(340)] could not read dos header from C:\WINDOWS\SYSTEM32\SSPICLI.DLL
[1204/141255.868:ERROR:process_memory_win.cc(73)] ReadMemory at 0x7ffa67ea0000 of 64 bytes failed: 仅完成部分的 ReadProcessMemory 或 WriteProcessMemory 请求。 (0x12B)
[1204/141255.868:WARNING:pe_image_reader.cc(340)] could not read dos header from C:\WINDOWS\SYSTEM32\CRYPTBASE.DLL
[1204/141255.874:ERROR:process_memory_win.cc(73)] ReadMemory at 0x7ff7a59d0000 of 64 bytes failed: 仅完成部分的 ReadProcessMemory 或 WriteProcessMemory 请求。 (0x12B)
[1204/141255.874:WARNING:pe_image_reader.cc(340)] could not read dos header from C:\Program Files (x86)\Google\Chrome\Application\chrome.exe
[1204/141255.874:ERROR:process_memory_win.cc(73)] ReadMemory at 0x7ffa6b640000 of 64 bytes failed: 仅完成部分的 ReadProcessMemory 或 WriteProcessMemory 请求。 (0x12B)
[1204/141255.874:WARNING:pe_image_reader.cc(340)] could not read dos header from C:\WINDOWS\SYSTEM32\ntdll.dll
[1204/141255.874:ERROR:process_memory_win.cc(73)] ReadMemory at 0x7ffa69f90000 of 64 bytes failed: 仅完成部分的 ReadProcessMemory 或 WriteProcessMemory 请求。 (0x12B)
[1204/141255.874:WARNING:pe_image_reader.cc(340)] could not read dos header from C:\WINDOWS\System32\KERNEL32.DLL
[1204/141255.874:ERROR:process_memory_win.cc(73)] ReadMemory at 0x7ffa68b60000 of 64 bytes failed: 仅完成部分的 ReadProcessMemory 或 WriteProcessMemory 请求。 (0x12B)
[1204/141255.874:WARNING:pe_image_reader.cc(340)] could not read dos header from C:\WINDOWS\System32\KERNELBASE.dll
[1204/141255.874:ERROR:process_memory_win.cc(73)] ReadMemory at 0x7ffa2da40000 of 64 bytes failed: 仅完成部分的 ReadProcessMemory 或 WriteProcessMemory 请求。 (0x12B)
[1204/141255.874:WARNING:pe_image_reader.cc(340)] could not read dos header from C:\Program Files (x86)\Google\Chrome\Application\86.0.4240.111\chrome_elf.dll
[1204/141255.874:ERROR:process_memory_win.cc(73)] ReadMemory at 0x7ffa680d0000 of 64 bytes failed: 仅完成部分的 ReadProcessMemory 或 WriteProcessMemory 请求。 (0x12B)
[1204/141255.874:WARNING:pe_image_reader.cc(340)] could not read dos header from C:\WINDOWS\SYSTEM32\VERSION.dll
[1204/141255.874:ERROR:process_memory_win.cc(73)] ReadMemory at 0x29ada3b0000 of 64 bytes failed: 仅完成部分的 ReadProcessMemory 或 WriteProcessMemory 请求。 (0x12B)
[1204/141255.874:WARNING:pe_image_reader.cc(340)] could not read dos header from C:\WINDOWS\System32\msvcrt.dll
[1204/141255.874:ERROR:process_memory_win.cc(73)] ReadMemory at 0x7ffa68ae0000 of 64 bytes failed: 仅完成部分的 ReadProcessMemory 或 WriteProcessMemory 请求。 (0x12B)
[1204/141255.874:WARNING:pe_image_reader.cc(340)] could not read dos header from C:\WINDOWS\System32\bcryptPrimitives.dll
[1204/141255.874:ERROR:process_memory_win.cc(73)] ReadMemory at 0x7ffa69d40000 of 64 bytes failed: 仅完成部分的 ReadProcessMemory 或 WriteProcessMemory 请求。 (0x12B)
[1204/141255.874:WARNING:pe_image_reader.cc(340)] could not read dos header from C:\WINDOWS\System32\ADVAPI32.dll
[1204/141255.874:ERROR:process_memory_win.cc(73)] ReadMemory at 0x7ffa6a820000 of 64 bytes failed: 仅完成部分的 ReadProcessMemory 或 WriteProcessMemory 请求。 (0x12B)
[1204/141255.874:WARNING:pe_image_reader.cc(340)] could not read dos header from C:\WINDOWS\System32\sechost.dll
[1204/141255.874:ERROR:process_memory_win.cc(73)] ReadMemory at 0x7ffa699a0000 of 64 bytes failed: 仅完成部分的 ReadProcessMemory 或 WriteProcessMemory 请求。 (0x12B)
[1204/141255.874:WARNING:pe_image_reader.cc(340)] could not read dos header from C:\WINDOWS\System32\RPCRT4.dll
[1204/141255.874:ERROR:process_memory_win.cc(73)] ReadMemory at 0x7ffa12040000 of 64 bytes failed: 仅完成部分的 ReadProcessMemory 或 WriteProcessMemory 请求。 (0x12B)
[1204/141255.874:WARNING:pe_image_reader.cc(340)] could not read dos header from C:\Program Files (x86)\Google\Chrome\Application\86.0.4240.111\chrome.dll
[1204/141255.874:ERROR:process_memory_win.cc(73)] ReadMemory at 0x7ffa6a610000 of 64 bytes failed: 仅完成部分的 ReadProcessMemory 或 WriteProcessMemory 请求。 (0x12B)
[1204/141255.874:WARNING:pe_image_reader.cc(340)] could not read dos header from C:\WINDOWS\System32\WS2_32.dll
[1204/141255.874:ERROR:process_memory_win.cc(73)] ReadMemory at 0x7ffa6a8c0000 of 64 bytes failed: 仅完成部分的 ReadProcessMemory 或 WriteProcessMemory 请求。 (0x12B)
[1204/141255.874:WARNING:pe_image_reader.cc(340)] could not read dos header from C:\WINDOWS\System32\OLEAUT32.dll
[1204/141255.874:ERROR:process_memory_win.cc(73)] ReadMemory at 0x7ffa695a0000 of 64 bytes failed: 仅完成部分的 ReadProcessMemory 或 WriteProcessMemory 请求。 (0x12B)
[1204/141255.874:WARNING:pe_image_reader.cc(340)] could not read dos header from C:\WINDOWS\System32\msvcp_win.dll
[1204/141255.875:ERROR:process_memory_win.cc(73)] ReadMemory at 0x7ffa68640000 of 64 bytes failed: 仅完成部分的 ReadProcessMemory 或 WriteProcessMemory 请求。 (0x12B)
[1204/141255.875:WARNING:pe_image_reader.cc(340)] could not read dos header from C:\WINDOWS\System32\ucrtbase.dll
[1204/141255.875:ERROR:process_memory_win.cc(73)] ReadMemory at 0x7ffa6b240000 of 64 bytes failed: 仅完成部分的 ReadProcessMemory 或 WriteProcessMemory 请求。 (0x12B)
[1204/141255.875:WARNING:pe_image_reader.cc(340)] could not read dos header from C:\WINDOWS\System32\combase.dll
[1204/141255.875:ERROR:process_memory_win.cc(73)] ReadMemory at 0x7ffa68740000 of 64 bytes failed: 仅完成部分的 ReadProcessMemory 或 WriteProcessMemory 请求。 (0x12B)
[1204/141255.875:WARNING:pe_image_reader.cc(340)] could not read dos header from C:\WINDOWS\System32\WINTRUST.dll
[1204/141255.875:ERROR:process_memory_win.cc(73)] ReadMemory at 0x7ffa68500000 of 64 bytes failed: 仅完成部分的 ReadProcessMemory 或 WriteProcessMemory 请求。 (0x12B)
[1204/141255.875:WARNING:pe_image_reader.cc(340)] could not read dos header from C:\WINDOWS\System32\MSASN1.dll
[1204/141255.875:ERROR:process_memory_win.cc(73)] ReadMemory at 0x7ffa68940000 of 64 bytes failed: 仅完成部分的 ReadProcessMemory 或 WriteProcessMemory 请求。 (0x12B)
[1204/141255.875:WARNING:pe_image_reader.cc(340)] could not read dos header from C:\WINDOWS\System32\CRYPT32.dll
[1204/141255.875:ERROR:process_memory_win.cc(73)] ReadMemory at 0x7ffa66250000 of 64 bytes failed: 仅完成部分的 ReadProcessMemory 或 WriteProcessMemory 请求。 (0x12B)
[1204/141255.875:WARNING:pe_image_reader.cc(340)] could not read dos header from C:\WINDOWS\SYSTEM32\dbghelp.dll
[1204/141255.875:ERROR:process_memory_win.cc(73)] ReadMemory at 0x7ffa67980000 of 64 bytes failed: 仅完成部分的 ReadProcessMemory 或 WriteProcessMemory 请求。 (0x12B)
[1204/141255.875:WARNING:pe_image_reader.cc(340)] could not read dos header from C:\WINDOWS\SYSTEM32\IPHLPAPI.DLL
[1204/141255.875:ERROR:process_memory_win.cc(73)] ReadMemory at 0x7ffa64f20000 of 64 bytes failed: 仅完成部分的 ReadProcessMemory 或 WriteProcessMemory 请求。 (0x12B)
[1204/141255.875:WARNING:pe_image_reader.cc(340)] could not read dos header from C:\WINDOWS\SYSTEM32\WINMM.dll
[1204/141255.875:ERROR:process_memory_win.cc(73)] ReadMemory at 0x7ffa43220000 of 64 bytes failed: 仅完成部分的 ReadProcessMemory 或 WriteProcessMemory 请求。 (0x12B)
[1204/141255.875:WARNING:pe_image_reader.cc(340)] could not read dos header from C:\WINDOWS\SYSTEM32\UIAutomationCore.DLL
[1204/141255.875:ERROR:process_memory_win.cc(73)] ReadMemory at 0x7ffa53a20000 of 64 bytes failed: 仅完成部分的 ReadProcessMemory 或 WriteProcessMemory 请求。 (0x12B)
[1204/141255.875:WARNING:pe_image_reader.cc(340)] could not read dos header from C:\WINDOWS\SYSTEM32\Secur32.dll
[1204/141255.875:ERROR:process_memory_win.cc(73)] ReadMemory at 0x7ffa683d0000 of 64 bytes failed: 仅完成部分的 ReadProcessMemory 或 WriteProcessMemory 请求。 (0x12B)
[1204/141255.875:WARNING:pe_image_reader.cc(340)] could not read dos header from C:\WINDOWS\SYSTEM32\USERENV.dll
[1204/141255.875:ERROR:process_memory_win.cc(73)] ReadMemory at 0x7ffa68540000 of 64 bytes failed: 仅完成部分的 ReadProcessMemory 或 WriteProcessMemory 请求。 (0x12B)
[1204/141255.875:WARNING:pe_image_reader.cc(340)] could not read dos header from C:\WINDOWS\System32\profapi.dll
[1204/141255.875:ERROR:process_memory_win.cc(73)] ReadMemory at 0x7ffa56c20000 of 64 bytes failed: 仅完成部分的 ReadProcessMemory 或 WriteProcessMemory 请求。 (0x12B)
[1204/141255.875:WARNING:pe_image_reader.cc(340)] could not read dos header from C:\WINDOWS\SYSTEM32\DWrite.dll
[1204/141255.875:ERROR:process_memory_win.cc(73)] ReadMemory at 0x7ffa5a070000 of 64 bytes failed: 仅完成部分的 ReadProcessMemory 或 WriteProcessMemory 请求。 (0x12B)
[1204/141255.875:WARNING:pe_image_reader.cc(340)] could not read dos header from C:\WINDOWS\SYSTEM32\WINSPOOL.DRV
[1204/141255.875:ERROR:process_memory_win.cc(73)] ReadMemory at 0x7ffa68520000 of 64 bytes failed: 仅完成部分的 ReadProcessMemory 或 WriteProcessMemory 请求。 (0x12B)
[1204/141255.875:WARNING:pe_image_reader.cc(340)] could not read dos header from C:\WINDOWS\System32\kernel.appcore.dll
[1204/141255.875:ERROR:process_memory_win.cc(73)] ReadMemory at 0x7ffa685c0000 of 64 bytes failed: 仅完成部分的 ReadProcessMemory 或 WriteProcessMemory 请求。 (0x12B)
[1204/141255.875:WARNING:pe_image_reader.cc(340)] could not read dos header from C:\WINDOWS\System32\bcrypt.dll
[1204/141255.875:ERROR:process_memory_win.cc(73)] ReadMemory at 0x7ffa5a8a0000 of 64 bytes failed: 仅完成部分的 ReadProcessMemory 或 WriteProcessMemory 请求。 (0x12B)
[1204/141255.876:WARNING:pe_image_reader.cc(340)] could not read dos header from C:\WINDOWS\SYSTEM32\WINHTTP.dll
[1204/141255.876:ERROR:process_memory_win.cc(73)] ReadMemory at 0x7ffa5b980000 of 64 bytes failed: 仅完成部分的 ReadProcessMemory 或 WriteProcessMemory 请求。 (0x12B)
[1204/141255.876:WARNING:pe_image_reader.cc(340)] could not read dos header from C:\WINDOWS\SYSTEM32\dhcpcsvc.DLL
[1204/141255.876:ERROR:process_memory_win.cc(73)] ReadMemory at 0x7ffa6b5f0000 of 64 bytes failed: 仅完成部分的 ReadProcessMemory 或 WriteProcessMemory 请求。 (0x12B)
[1204/141255.876:WARNING:pe_image_reader.cc(340)] could not read dos header from C:\WINDOWS\System32\NSI.dll
[1204/141255.876:ERROR:process_memory_win.cc(73)] ReadMemory at 0x7ffa64e10000 of 64 bytes failed: 仅完成部分的 ReadProcessMemory 或 WriteProcessMemory 请求。 (0x12B)
[1204/141255.876:WARNING:pe_image_reader.cc(340)] could not read dos header from C:\WINDOWS\SYSTEM32\WINMMBASE.dll
[1204/141255.876:ERROR:process_memory_win.cc(73)] ReadMemory at 0x7ffa685f0000 of 64 bytes failed: 仅完成部分的 ReadProcessMemory 或 WriteProcessMemory 请求。 (0x12B)
[1204/141255.876:WARNING:pe_image_reader.cc(340)] could not read dos header from C:\WINDOWS\System32\cfgmgr32.dll
[1204/141255.876:ERROR:process_memory_win.cc(73)] ReadMemory at 0x7ffa66f20000 of 64 bytes failed: 仅完成部分的 ReadProcessMemory 或 WriteProcessMemory 请求。 (0x12B)
[1204/141255.876:WARNING:pe_image_reader.cc(340)] could not read dos header from C:\WINDOWS\SYSTEM32\PROPSYS.dll
[1204/141255.876:ERROR:process_memory_win.cc(73)] ReadMemory at 0x7ffa6a0f0000 of 64 bytes failed: 仅完成部分的 ReadProcessMemory 或 WriteProcessMemory 请求。 (0x12B)
[1204/141255.876:WARNING:pe_image_reader.cc(340)] could not read dos header from C:\WINDOWS\System32\shcore.dll
[1204/141255.876:ERROR:process_memory_win.cc(73)] ReadMemory at 0x7ffa68400000 of 64 bytes failed: 仅完成部分的 ReadProcessMemory 或 WriteProcessMemory 请求。 (0x12B)
[1204/141255.876:WARNING:pe_image_reader.cc(340)] could not read dos header from C:\WINDOWS\SYSTEM32\SSPICLI.DLL
[1204/141255.876:ERROR:process_memory_win.cc(73)] ReadMemory at 0x7ffa67ea0000 of 64 bytes failed: 仅完成部分的 ReadProcessMemory 或 WriteProcessMemory 请求。 (0x12B)
[1204/141255.876:WARNING:pe_image_reader.cc(340)] could not read dos header from C:\WINDOWS\SYSTEM32\CRYPTBASE.DLL
[1204/141255.876:ERROR:process_memory_win.cc(73)] ReadMemory at 0x7ff7a59d0000 of 64 bytes failed: 仅完成部分的 ReadProcessMemory 或 WriteProcessMemory 请求。 (0x12B)
[1204/141255.876:WARNING:pe_image_reader.cc(340)] could not read dos header from C:\Program Files (x86)\Google\Chrome\Application\chrome.exe
[1204/141255.876:ERROR:process_memory_win.cc(73)] ReadMemory at 0x7ffa6b640000 of 64 bytes failed: 仅完成部分的 ReadProcessMemory 或 WriteProcessMemory 请求。 (0x12B)
[1204/141255.876:WARNING:pe_image_reader.cc(340)] could not read dos header from C:\WINDOWS\SYSTEM32\ntdll.dll
[1204/141255.876:ERROR:process_memory_win.cc(73)] ReadMemory at 0x7ffa69f90000 of 64 bytes failed: 仅完成部分的 ReadProcessMemory 或 WriteProcessMemory 请求。 (0x12B)
[1204/141255.876:WARNING:pe_image_reader.cc(340)] could not read dos header from C:\WINDOWS\System32\KERNEL32.DLL
[1204/141255.877:ERROR:process_memory_win.cc(73)] ReadMemory at 0x7ffa68b60000 of 64 bytes failed: 仅完成部分的 ReadProcessMemory 或 WriteProcessMemory 请求。 (0x12B)
[1204/141255.877:WARNING:pe_image_reader.cc(340)] could not read dos header from C:\WINDOWS\System32\KERNELBASE.dll
[1204/141255.877:ERROR:process_memory_win.cc(73)] ReadMemory at 0x7ffa2da40000 of 64 bytes failed: 仅完成部分的 ReadProcessMemory 或 WriteProcessMemory 请求。 (0x12B)
[1204/141255.877:WARNING:pe_image_reader.cc(340)] could not read dos header from C:\Program Files (x86)\Google\Chrome\Application\86.0.4240.111\chrome_elf.dll
[1204/141255.877:ERROR:process_memory_win.cc(73)] ReadMemory at 0x7ffa680d0000 of 64 bytes failed: 仅完成部分的 ReadProcessMemory 或 WriteProcessMemory 请求。 (0x12B)
[1204/141255.877:WARNING:pe_image_reader.cc(340)] could not read dos header from C:\WINDOWS\SYSTEM32\VERSION.dll
[1204/141255.877:ERROR:process_memory_win.cc(73)] ReadMemory at 0x29ada3b0000 of 64 bytes failed: 仅完成部分的 ReadProcessMemory 或 WriteProcessMemory 请求。 (0x12B)
[1204/141255.877:WARNING:pe_image_reader.cc(340)] could not read dos header from C:\WINDOWS\System32\msvcrt.dll
[1204/141255.877:ERROR:process_memory_win.cc(73)] ReadMemory at 0x7ffa68ae0000 of 64 bytes failed: 仅完成部分的 ReadProcessMemory 或 WriteProcessMemory 请求。 (0x12B)
[1204/141255.877:WARNING:pe_image_reader.cc(340)] could not read dos header from C:\WINDOWS\System32\bcryptPrimitives.dll
[1204/141255.877:ERROR:process_memory_win.cc(73)] ReadMemory at 0x7ffa69d40000 of 64 bytes failed: 仅完成部分的 ReadProcessMemory 或 WriteProcessMemory 请求。 (0x12B)
[1204/141255.877:WARNING:pe_image_reader.cc(340)] could not read dos header from C:\WINDOWS\System32\ADVAPI32.dll
[1204/141255.877:ERROR:process_memory_win.cc(73)] ReadMemory at 0x7ffa6a820000 of 64 bytes failed: 仅完成部分的 ReadProcessMemory 或 WriteProcessMemory 请求。 (0x12B)
[1204/141255.877:WARNING:pe_image_reader.cc(340)] could not read dos header from C:\WINDOWS\System32\sechost.dll
[1204/141255.877:ERROR:process_memory_win.cc(73)] ReadMemory at 0x7ffa699a0000 of 64 bytes failed: 仅完成部分的 ReadProcessMemory 或 WriteProcessMemory 请求。 (0x12B)
[1204/141255.877:WARNING:pe_image_reader.cc(340)] could not read dos header from C:\WINDOWS\System32\RPCRT4.dll
[1204/141255.877:ERROR:process_memory_win.cc(73)] ReadMemory at 0x7ffa12040000 of 64 bytes failed: 仅完成部分的 ReadProcessMemory 或 WriteProcessMemory 请求。 (0x12B)
[1204/141255.877:WARNING:pe_image_reader.cc(340)] could not read dos header from C:\Program Files (x86)\Google\Chrome\Application\86.0.4240.111\chrome.dll
[1204/141255.877:ERROR:process_memory_win.cc(73)] ReadMemory at 0x7ffa6a610000 of 64 bytes failed: 仅完成部分的 ReadProcessMemory 或 WriteProcessMemory 请求。 (0x12B)
[1204/141255.877:WARNING:pe_image_reader.cc(340)] could not read dos header from C:\WINDOWS\System32\WS2_32.dll
[1204/141255.877:ERROR:process_memory_win.cc(73)] ReadMemory at 0x7ffa6a8c0000 of 64 bytes failed: 仅完成部分的 ReadProcessMemory 或 WriteProcessMemory 请求。 (0x12B)
[1204/141255.877:WARNING:pe_image_reader.cc(340)] could not read dos header from C:\WINDOWS\System32\OLEAUT32.dll
[1204/141255.877:ERROR:process_memory_win.cc(73)] ReadMemory at 0x7ffa695a0000 of 64 bytes failed: 仅完成部分的 ReadProcessMemory 或 WriteProcessMemory 请求。 (0x12B)
[1204/141255.878:WARNING:pe_image_reader.cc(340)] could not read dos header from C:\WINDOWS\System32\msvcp_win.dll
[1204/141255.878:ERROR:process_memory_win.cc(73)] ReadMemory at 0x7ffa68640000 of 64 bytes failed: 仅完成部分的 ReadProcessMemory 或 WriteProcessMemory 请求。 (0x12B)
[1204/141255.878:WARNING:pe_image_reader.cc(340)] could not read dos header from C:\WINDOWS\System32\ucrtbase.dll
[1204/141255.878:ERROR:process_memory_win.cc(73)] ReadMemory at 0x7ffa6b240000 of 64 bytes failed: 仅完成部分的 ReadProcessMemory 或 WriteProcessMemory 请求。 (0x12B)
[1204/141255.878:WARNING:pe_image_reader.cc(340)] could not read dos header from C:\WINDOWS\System32\combase.dll
[1204/141255.878:ERROR:process_memory_win.cc(73)] ReadMemory at 0x7ffa68740000 of 64 bytes failed: 仅完成部分的 ReadProcessMemory 或 WriteProcessMemory 请求。 (0x12B)
[1204/141255.878:WARNING:pe_image_reader.cc(340)] could not read dos header from C:\WINDOWS\System32\WINTRUST.dll
[1204/141255.878:ERROR:process_memory_win.cc(73)] ReadMemory at 0x7ffa68500000 of 64 bytes failed: 仅完成部分的 ReadProcessMemory 或 WriteProcessMemory 请求。 (0x12B)
[1204/141255.878:WARNING:pe_image_reader.cc(340)] could not read dos header from C:\WINDOWS\System32\MSASN1.dll
[1204/141255.878:ERROR:process_memory_win.cc(73)] ReadMemory at 0x7ffa68940000 of 64 bytes failed: 仅完成部分的 ReadProcessMemory 或 WriteProcessMemory 请求。 (0x12B)
[1204/141255.878:WARNING:pe_image_reader.cc(340)] could not read dos header from C:\WINDOWS\System32\CRYPT32.dll
[1204/141255.878:ERROR:process_memory_win.cc(73)] ReadMemory at 0x7ffa66250000 of 64 bytes failed: 仅完成部分的 ReadProcessMemory 或 WriteProcessMemory 请求。 (0x12B)
[1204/141255.878:WARNING:pe_image_reader.cc(340)] could not read dos header from C:\WINDOWS\SYSTEM32\dbghelp.dll
[1204/141255.878:ERROR:process_memory_win.cc(73)] ReadMemory at 0x7ffa67980000 of 64 bytes failed: 仅完成部分的 ReadProcessMemory 或 WriteProcessMemory 请求。 (0x12B)
[1204/141255.878:WARNING:pe_image_reader.cc(340)] could not read dos header from C:\WINDOWS\SYSTEM32\IPHLPAPI.DLL
[1204/141255.878:ERROR:process_memory_win.cc(73)] ReadMemory at 0x7ffa64f20000 of 64 bytes failed: 仅完成部分的 ReadProcessMemory 或 WriteProcessMemory 请求。 (0x12B)
[1204/141255.878:WARNING:pe_image_reader.cc(340)] could not read dos header from C:\WINDOWS\SYSTEM32\WINMM.dll
[1204/141255.878:ERROR:process_memory_win.cc(73)] ReadMemory at 0x7ffa43220000 of 64 bytes failed: 仅完成部分的 ReadProcessMemory 或 WriteProcessMemory 请求。 (0x12B)
[1204/141255.878:WARNING:pe_image_reader.cc(340)] could not read dos header from C:\WINDOWS\SYSTEM32\UIAutomationCore.DLL
[1204/141255.878:ERROR:process_memory_win.cc(73)] ReadMemory at 0x7ffa53a20000 of 64 bytes failed: 仅完成部分的 ReadProcessMemory 或 WriteProcessMemory 请求。 (0x12B)
[1204/141255.878:WARNING:pe_image_reader.cc(340)] could not read dos header from C:\WINDOWS\SYSTEM32\Secur32.dll
[1204/141255.878:ERROR:process_memory_win.cc(73)] ReadMemory at 0x7ffa683d0000 of 64 bytes failed: 仅完成部分的 ReadProcessMemory 或 WriteProcessMemory 请求。 (0x12B)
[1204/141255.878:WARNING:pe_image_reader.cc(340)] could not read dos header from C:\WINDOWS\SYSTEM32\USERENV.dll
[1204/141255.879:ERROR:process_memory_win.cc(73)] ReadMemory at 0x7ffa68540000 of 64 bytes failed: 仅完成部分的 ReadProcessMemory 或 WriteProcessMemory 请求。 (0x12B)
[1204/141255.879:WARNING:pe_image_reader.cc(340)] could not read dos header from C:\WINDOWS\System32\profapi.dll
[1204/141255.879:ERROR:process_memory_win.cc(73)] ReadMemory at 0x7ffa56c20000 of 64 bytes failed: 仅完成部分的 ReadProcessMemory 或 WriteProcessMemory 请求。 (0x12B)
[1204/141255.879:WARNING:pe_image_reader.cc(340)] could not read dos header from C:\WINDOWS\SYSTEM32\DWrite.dll
[1204/141255.879:ERROR:process_memory_win.cc(73)] ReadMemory at 0x7ffa5a070000 of 64 bytes failed: 仅完成部分的 ReadProcessMemory 或 WriteProcessMemory 请求。 (0x12B)
[1204/141255.879:WARNING:pe_image_reader.cc(340)] could not read dos header from C:\WINDOWS\SYSTEM32\WINSPOOL.DRV
[1204/141255.879:ERROR:process_memory_win.cc(73)] ReadMemory at 0x7ffa68520000 of 64 bytes failed: 仅完成部分的 ReadProcessMemory 或 WriteProcessMemory 请求。 (0x12B)
[1204/141255.879:WARNING:pe_image_reader.cc(340)] could not read dos header from C:\WINDOWS\System32\kernel.appcore.dll
[1204/141255.879:ERROR:process_memory_win.cc(73)] ReadMemory at 0x7ffa685c0000 of 64 bytes failed: 仅完成部分的 ReadProcessMemory 或 WriteProcessMemory 请求。 (0x12B)
[1204/141255.879:WARNING:pe_image_reader.cc(340)] could not read dos header from C:\WINDOWS\System32\bcrypt.dll
[1204/141255.879:ERROR:process_memory_win.cc(73)] ReadMemory at 0x7ffa5a8a0000 of 64 bytes failed: 仅完成部分的 ReadProcessMemory 或 WriteProcessMemory 请求。 (0x12B)
[1204/141255.879:WARNING:pe_image_reader.cc(340)] could not read dos header from C:\WINDOWS\SYSTEM32\WINHTTP.dll
[1204/141255.879:ERROR:process_memory_win.cc(73)] ReadMemory at 0x7ffa5b980000 of 64 bytes failed: 仅完成部分的 ReadProcessMemory 或 WriteProcessMemory 请求。 (0x12B)
[1204/141255.879:WARNING:pe_image_reader.cc(340)] could not read dos header from C:\WINDOWS\SYSTEM32\dhcpcsvc.DLL
[1204/141255.879:ERROR:process_memory_win.cc(73)] ReadMemory at 0x7ffa6b5f0000 of 64 bytes failed: 仅完成部分的 ReadProcessMemory 或 WriteProcessMemory 请求。 (0x12B)
[1204/141255.879:WARNING:pe_image_reader.cc(340)] could not read dos header from C:\WINDOWS\System32\NSI.dll
[1204/141255.879:ERROR:process_memory_win.cc(73)] ReadMemory at 0x7ffa64e10000 of 64 bytes failed: 仅完成部分的 ReadProcessMemory 或 WriteProcessMemory 请求。 (0x12B)
[1204/141255.879:WARNING:pe_image_reader.cc(340)] could not read dos header from C:\WINDOWS\SYSTEM32\WINMMBASE.dll
[1204/141255.879:ERROR:process_memory_win.cc(73)] ReadMemory at 0x7ffa685f0000 of 64 bytes failed: 仅完成部分的 ReadProcessMemory 或 WriteProcessMemory 请求。 (0x12B)
[1204/141255.879:WARNING:pe_image_reader.cc(340)] could not read dos header from C:\WINDOWS\System32\cfgmgr32.dll
[1204/141255.879:ERROR:process_memory_win.cc(73)] ReadMemory at 0x7ffa66f20000 of 64 bytes failed: 仅完成部分的 ReadProcessMemory 或 WriteProcessMemory 请求。 (0x12B)
[1204/141255.880:WARNING:pe_image_reader.cc(340)] could not read dos header from C:\WINDOWS\SYSTEM32\PROPSYS.dll
[1204/141255.880:ERROR:process_memory_win.cc(73)] ReadMemory at 0x7ffa6a0f0000 of 64 bytes failed: 仅完成部分的 ReadProcessMemory 或 WriteProcessMemory 请求。 (0x12B)
[1204/141255.880:WARNING:pe_image_reader.cc(340)] could not read dos header from C:\WINDOWS\System32\shcore.dll
[1204/141255.880:ERROR:process_memory_win.cc(73)] ReadMemory at 0x7ffa68400000 of 64 bytes failed: 仅完成部分的 ReadProcessMemory 或 WriteProcessMemory 请求。 (0x12B)
[1204/141255.880:WARNING:pe_image_reader.cc(340)] could not read dos header from C:\WINDOWS\SYSTEM32\SSPICLI.DLL
[1204/141255.880:ERROR:process_memory_win.cc(73)] ReadMemory at 0x7ffa67ea0000 of 64 bytes failed: 仅完成部分的 ReadProcessMemory 或 WriteProcessMemory 请求。 (0x12B)
[1204/141255.880:WARNING:pe_image_reader.cc(340)] could not read dos header from C:\WINDOWS\SYSTEM32\CRYPTBASE.DLL
[1204/141255.897:ERROR:process_memory_win.cc(73)] ReadMemory at 0xb5947f9000 of 28672 bytes failed: 仅完成部分的 ReadProcessMemory 或 WriteProcessMemory 请求。 (0x12B)
[1204/141255.897:ERROR:process_memory_win.cc(73)] ReadMemory at 0xb594ffe000 of 8192 bytes failed: 仅完成部分的 ReadProcessMemory 或 WriteProcessMemory 请求。 (0x12B)
[1204/141255.897:ERROR:process_memory_win.cc(73)] ReadMemory at 0xb5957fe000 of 8192 bytes failed: 仅完成部分的 ReadProcessMemory 或 WriteProcessMemory 请求。 (0x12B)
[1204/141255.897:ERROR:process_memory_win.cc(73)] ReadMemory at 0xb595ffe000 of 8192 bytes failed: 仅完成部分的 ReadProcessMemory 或 WriteProcessMemory 请求。 (0x12B)
[1204/141255.897:ERROR:process_memory_win.cc(73)] ReadMemory at 0xb5967fd000 of 12288 bytes failed: 仅完成部分的 ReadProcessMemory 或 WriteProcessMemory 请求。 (0x12B)
[1204/141255.897:ERROR:process_memory_win.cc(73)] ReadMemory at 0xb5977fe000 of 8192 bytes failed: 仅完成部分的 ReadProcessMemory 或 WriteProcessMemory 请求。 (0x12B)
[1204/141255.897:ERROR:process_memory_win.cc(73)] ReadMemory at 0xb597ffe000 of 8192 bytes failed: 仅完成部分的 ReadProcessMemory 或 WriteProcessMemory 请求。 (0x12B)
[1204/141255.897:ERROR:process_memory_win.cc(73)] ReadMemory at 0xb5987fe000 of 8192 bytes failed: 仅完成部分的 ReadProcessMemory 或 WriteProcessMemory 请求。 (0x12B)
[1204/141255.897:ERROR:process_memory_win.cc(73)] ReadMemory at 0xb5997fe000 of 8192 bytes failed: 仅完成部分的 ReadProcessMemory 或 WriteProcessMemory 请求。 (0x12B)
[1204/141255.897:ERROR:process_memory_win.cc(73)] ReadMemory at 0xb599ffe000 of 8192 bytes failed: 仅完成部分的 ReadProcessMemory 或 WriteProcessMemory 请求。 (0x12B)
[1204/141255.898:ERROR:process_memory_win.cc(73)] ReadMemory at 0xb59a7fe000 of 8192 bytes failed: 仅完成部分的 ReadProcessMemory 或 WriteProcessMemory 请求。 (0x12B)
[1204/141255.898:ERROR:process_memory_win.cc(73)] ReadMemory at 0xb59affe000 of 8192 bytes failed: 仅完成部分的 ReadProcessMemory 或 WriteProcessMemory 请求。 (0x12B)
[1204/141255.898:ERROR:process_memory_win.cc(73)] ReadMemory at 0xb59b7fe000 of 8192 bytes failed: 仅完成部分的 ReadProcessMemory 或 WriteProcessMemory 请求。 (0x12B)
[1204/141255.898:ERROR:process_memory_win.cc(73)] ReadMemory at 0xb59bffe000 of 8192 bytes failed: 仅完成部分的 ReadProcessMemory 或 WriteProcessMemory 请求。 (0x12B)
[1204/141255.898:ERROR:process_memory_win.cc(73)] ReadMemory at 0xb593f5e000 of 852 bytes failed: 仅完成部分的 ReadProcessMemory 或 WriteProcessMemory 请求。 (0x12B)
[1204/141255.898:ERROR:process_memory_win.cc(73)] ReadMemory at 0xb593f5f000 of 6024 bytes failed: 仅完成部分的 ReadProcessMemory 或 WriteProcessMemory 请求。 (0x12B)
[1204/141255.898:ERROR:process_memory_win.cc(73)] ReadMemory at 0xb593f61000 of 6024 bytes failed: 仅完成部分的 ReadProcessMemory 或 WriteProcessMemory 请求。 (0x12B)
[1204/141255.898:ERROR:process_memory_win.cc(73)] ReadMemory at 0xb593f63000 of 6024 bytes failed: 仅完成部分的 ReadProcessMemory 或 WriteProcessMemory 请求。 (0x12B)
[1204/141255.898:ERROR:process_memory_win.cc(73)] ReadMemory at 0xb593f65000 of 6024 bytes failed: 仅完成部分的 ReadProcessMemory 或 WriteProcessMemory 请求。 (0x12B)
[1204/141255.898:ERROR:process_memory_win.cc(73)] ReadMemory at 0xb593f67000 of 6024 bytes failed: 仅完成部分的 ReadProcessMemory 或 WriteProcessMemory 请求。 (0x12B)
[1204/141255.898:ERROR:process_memory_win.cc(73)] ReadMemory at 0xb593f6b000 of 6024 bytes failed: 仅完成部分的 ReadProcessMemory 或 WriteProcessMemory 请求。 (0x12B)
[1204/141255.898:ERROR:process_memory_win.cc(73)] ReadMemory at 0xb593f6d000 of 6024 bytes failed: 仅完成部分的 ReadProcessMemory 或 WriteProcessMemory 请求。 (0x12B)
[1204/141255.899:ERROR:process_memory_win.cc(73)] ReadMemory at 0xb593f6f000 of 6024 bytes failed: 仅完成部分的 ReadProcessMemory 或 WriteProcessMemory 请求。 (0x12B)
[1204/141255.899:ERROR:process_memory_win.cc(73)] ReadMemory at 0xb593f73000 of 6024 bytes failed: 仅完成部分的 ReadProcessMemory 或 WriteProcessMemory 请求。 (0x12B)
[1204/141255.899:ERROR:process_memory_win.cc(73)] ReadMemory at 0xb593f75000 of 6024 bytes failed: 仅完成部分的 ReadProcessMemory 或 WriteProcessMemory 请求。 (0x12B)
[1204/141255.899:ERROR:process_memory_win.cc(73)] ReadMemory at 0xb593f77000 of 6024 bytes failed: 仅完成部分的 ReadProcessMemory 或 WriteProcessMemory 请求。 (0x12B)
[1204/141255.899:ERROR:process_memory_win.cc(73)] ReadMemory at 0xb593f79000 of 6024 bytes failed: 仅完成部分的 ReadProcessMemory 或 WriteProcessMemory 请求。 (0x12B)
[1204/141255.899:ERROR:process_memory_win.cc(73)] ReadMemory at 0xb593f7b000 of 6024 bytes failed: 仅完成部分的 ReadProcessMemory 或 WriteProcessMemory 请求。 (0x12B)
[1204/141255.899:ERROR:process_memory_win.cc(73)] ReadMemory at 0xb593f7d000 of 6024 bytes failed: 仅完成部分的 ReadProcessMemory 或 WriteProcessMemory 请求。 (0x12B)
[1204/141255.899:ERROR:process_memory_win.cc(73)] ReadMemory at 0x29ada150fe0 of 18298 bytes failed: 仅完成部分的 ReadProcessMemory 或 WriteProcessMemory 请求。 (0x12B)
[1204/141255.899:ERROR:process_memory_win.cc(73)] ReadMemory at 0x29ada155770 of 1012 bytes failed: 仅完成部分的 ReadProcessMemory 或 WriteProcessMemory 请求。 (0x12B)
[1204/141255.899:ERROR:process_memory_win.cc(73)] ReadMemory at 0x29ada155db8 of 118 bytes failed: 仅完成部分的 ReadProcessMemory 或 WriteProcessMemory 请求。 (0x12B)
[1204/141255.899:ERROR:process_memory_win.cc(73)] ReadMemory at 0x29ada155e30 of 718 bytes failed: 仅完成部分的 ReadProcessMemory 或 WriteProcessMemory 请求。 (0x12B)
[1204/141255.899:ERROR:process_memory_win.cc(73)] ReadMemory at 0x29ada156100 of 118 bytes failed: 仅完成部分的 ReadProcessMemory 或 WriteProcessMemory 请求。 (0x12B)
[1204/141255.899:ERROR:process_memory_win.cc(73)] ReadMemory at 0x29ada156178 of 102 bytes failed: 仅完成部分的 ReadProcessMemory 或 WriteProcessMemory 请求。 (0x12B)
[1204/141255.900:ERROR:process_memory_win.cc(73)] ReadMemory at 0x29ada1561f0 of 58 bytes failed: 仅完成部分的 ReadProcessMemory 或 WriteProcessMemory 请求。 (0x12B)
[1204/141255.900:ERROR:process_memory_win.cc(73)] ReadMemory at 0x29ada1562f0 of 132 bytes failed: 仅完成部分的 ReadProcessMemory 或 WriteProcessMemory 请求。 (0x12B)
[1204/141255.900:ERROR:process_memory_win.cc(73)] ReadMemory at 0x29ada156480 of 132 bytes failed: 仅完成部分的 ReadProcessMemory 或 WriteProcessMemory 请求。 (0x12B)
[1204/141255.900:ERROR:process_memory_win.cc(73)] ReadMemory at 0x29ada156640 of 126 bytes failed: 仅完成部分的 ReadProcessMemory 或 WriteProcessMemory 请求。 (0x12B)
[1204/141255.900:ERROR:process_memory_win.cc(73)] ReadMemory at 0x29ada156b40 of 132 bytes failed: 仅完成部分的 ReadProcessMemory 或 WriteProcessMemory 请求。 (0x12B)
[1204/141255.900:ERROR:process_memory_win.cc(73)] ReadMemory at 0x29ada156cd0 of 64 bytes failed: 仅完成部分的 ReadProcessMemory 或 WriteProcessMemory 请求。 (0x12B)
[1204/141255.900:ERROR:process_memory_win.cc(73)] ReadMemory at 0x29ada156e90 of 132 bytes failed: 仅完成部分的 ReadProcessMemory 或 WriteProcessMemory 请求。 (0x12B)
[1204/141255.900:ERROR:process_memory_win.cc(73)] ReadMemory at 0x29ada157130 of 132 bytes failed: 仅完成部分的 ReadProcessMemory 或 WriteProcessMemory 请求。 (0x12B)
[1204/141255.900:ERROR:process_memory_win.cc(73)] ReadMemory at 0x29ada1572c0 of 68 bytes failed: 仅完成部分的 ReadProcessMemory 或 WriteProcessMemory 请求。 (0x12B)
[1204/141255.900:ERROR:process_memory_win.cc(73)] ReadMemory at 0x29ada158310 of 132 bytes failed: 仅完成部分的 ReadProcessMemory 或 WriteProcessMemory 请求。 (0x12B)
[1204/141255.900:ERROR:process_memory_win.cc(73)] ReadMemory at 0x29ada1584a0 of 154 bytes failed: 仅完成部分的 ReadProcessMemory 或 WriteProcessMemory 请求。 (0x12B)
[1204/141255.900:ERROR:process_memory_win.cc(73)] ReadMemory at 0x29ada1591f0 of 132 bytes failed: 仅完成部分的 ReadProcessMemory 或 WriteProcessMemory 请求。 (0x12B)
[1204/141255.900:ERROR:process_memory_win.cc(73)] ReadMemory at 0x29ada159380 of 60 bytes failed: 仅完成部分的 ReadProcessMemory 或 WriteProcessMemory 请求。 (0x12B)
[1204/141255.900:ERROR:process_memory_win.cc(73)] ReadMemory at 0x29ada15af60 of 62 bytes failed: 仅完成部分的 ReadProcessMemory 或 WriteProcessMemory 请求。 (0x12B)
[1204/141255.901:ERROR:process_memory_win.cc(73)] ReadMemory at 0x29ada16dea0 of 132 bytes failed: 仅完成部分的 ReadProcessMemory 或 WriteProcessMemory 请求。 (0x12B)
[1204/141255.901:ERROR:process_memory_win.cc(73)] ReadMemory at 0x29ada16dfe0 of 132 bytes failed: 仅完成部分的 ReadProcessMemory 或 WriteProcessMemory 请求。 (0x12B)
[1204/141255.901:ERROR:process_memory_win.cc(73)] ReadMemory at 0x29ada174590 of 80 bytes failed: 仅完成部分的 ReadProcessMemory 或 WriteProcessMemory 请求。 (0x12B)
[1204/141255.901:ERROR:process_memory_win.cc(73)] ReadMemory at 0x29ada175030 of 54 bytes failed: 仅完成部分的 ReadProcessMemory 或 WriteProcessMemory 请求。 (0x12B)
[1204/141255.901:ERROR:process_memory_win.cc(73)] ReadMemory at 0x29ada176780 of 132 bytes failed: 仅完成部分的 ReadProcessMemory 或 WriteProcessMemory 请求。 (0x12B)
[1204/141255.901:ERROR:process_memory_win.cc(73)] ReadMemory at 0x29ada176e20 of 132 bytes failed: 仅完成部分的 ReadProcessMemory 或 WriteProcessMemory 请求。 (0x12B)
[1204/141255.901:ERROR:process_memory_win.cc(73)] ReadMemory at 0x29ada178640 of 132 bytes failed: 仅完成部分的 ReadProcessMemory 或 WriteProcessMemory 请求。 (0x12B)
[1204/141255.901:ERROR:process_memory_win.cc(73)] ReadMemory at 0x29ada178ad0 of 62 bytes failed: 仅完成部分的 ReadProcessMemory 或 WriteProcessMemory 请求。 (0x12B)
[1204/141255.901:ERROR:process_memory_win.cc(73)] ReadMemory at 0x29ada178b20 of 64 bytes failed: 仅完成部分的 ReadProcessMemory 或 WriteProcessMemory 请求。 (0x12B)
[1204/141255.901:ERROR:process_memory_win.cc(73)] ReadMemory at 0x29ada178b70 of 64 bytes failed: 仅完成部分的 ReadProcessMemory 或 WriteProcessMemory 请求。 (0x12B)
[1204/141255.901:ERROR:process_memory_win.cc(73)] ReadMemory at 0x29ada178bc0 of 62 bytes failed: 仅完成部分的 ReadProcessMemory 或 WriteProcessMemory 请求。 (0x12B)
[1204/141255.901:ERROR:process_memory_win.cc(73)] ReadMemory at 0x29ada178c10 of 62 bytes failed: 仅完成部分的 ReadProcessMemory 或 WriteProcessMemory 请求。 (0x12B)
[1204/141255.902:ERROR:process_memory_win.cc(73)] ReadMemory at 0x29ada178cb0 of 60 bytes failed: 仅完成部分的 ReadProcessMemory 或 WriteProcessMemory 请求。 (0x12B)
[1204/141255.902:ERROR:process_memory_win.cc(73)] ReadMemory at 0x29ada178da0 of 62 bytes failed: 仅完成部分的 ReadProcessMemory 或 WriteProcessMemory 请求。 (0x12B)
[1204/141255.902:ERROR:process_memory_win.cc(73)] ReadMemory at 0x29ada178fd0 of 64 bytes failed: 仅完成部分的 ReadProcessMemory 或 WriteProcessMemory 请求。 (0x12B)
[1204/141255.902:ERROR:process_memory_win.cc(73)] ReadMemory at 0x29ada1790c0 of 58 bytes failed: 仅完成部分的 ReadProcessMemory 或 WriteProcessMemory 请求。 (0x12B)
[1204/141255.902:ERROR:process_memory_win.cc(73)] ReadMemory at 0x29ada179110 of 60 bytes failed: 仅完成部分的 ReadProcessMemory 或 WriteProcessMemory 请求。 (0x12B)
[1204/141255.902:ERROR:process_memory_win.cc(73)] ReadMemory at 0x29ada1791b0 of 62 bytes failed: 仅完成部分的 ReadProcessMemory 或 WriteProcessMemory 请求。 (0x12B)
[1204/141255.902:ERROR:process_memory_win.cc(73)] ReadMemory at 0x29ada1792a0 of 66 bytes failed: 仅完成部分的 ReadProcessMemory 或 WriteProcessMemory 请求。 (0x12B)
[1204/141255.902:ERROR:process_memory_win.cc(73)] ReadMemory at 0x29ada179340 of 62 bytes failed: 仅完成部分的 ReadProcessMemory 或 WriteProcessMemory 请求。 (0x12B)
[1204/141255.902:ERROR:process_memory_win.cc(73)] ReadMemory at 0x29ada179390 of 60 bytes failed: 仅完成部分的 ReadProcessMemory 或 WriteProcessMemory 请求。 (0x12B)
[1204/141255.902:ERROR:process_memory_win.cc(73)] ReadMemory at 0x29ada179430 of 64 bytes failed: 仅完成部分的 ReadProcessMemory 或 WriteProcessMemory 请求。 (0x12B)
[1204/141255.902:ERROR:process_memory_win.cc(73)] ReadMemory at 0x29ada179480 of 64 bytes failed: 仅完成部分的 ReadProcessMemory 或 WriteProcessMemory 请求。 (0x12B)
[1204/141255.903:ERROR:process_memory_win.cc(73)] ReadMemory at 0x29ada1794d0 of 64 bytes failed: 仅完成部分的 ReadProcessMemory 或 WriteProcessMemory 请求。 (0x12B)
[1204/141255.903:ERROR:process_memory_win.cc(73)] ReadMemory at 0x29ada179520 of 64 bytes failed: 仅完成部分的 ReadProcessMemory 或 WriteProcessMemory 请求。 (0x12B)
[1204/141255.903:ERROR:process_memory_win.cc(73)] ReadMemory at 0x29ada1795c0 of 66 bytes failed: 仅完成部分的 ReadProcessMemory 或 WriteProcessMemory 请求。 (0x12B)
[1204/141255.903:ERROR:process_memory_win.cc(73)] ReadMemory at 0x29ada179610 of 62 bytes failed: 仅完成部分的 ReadProcessMemory 或 WriteProcessMemory 请求。 (0x12B)
[1204/141255.903:ERROR:process_memory_win.cc(73)] ReadMemory at 0x29ada179660 of 60 bytes failed: 仅完成部分的 ReadProcessMemory 或 WriteProcessMemory 请求。 (0x12B)
[1204/141255.903:ERROR:process_memory_win.cc(73)] ReadMemory at 0x29ada179700 of 60 bytes failed: 仅完成部分的 ReadProcessMemory 或 WriteProcessMemory 请求。 (0x12B)
[1204/141255.903:ERROR:process_memory_win.cc(73)] ReadMemory at 0x29ada1797a0 of 62 bytes failed: 仅完成部分的 ReadProcessMemory 或 WriteProcessMemory 请求。 (0x12B)
[1204/141255.903:ERROR:process_memory_win.cc(73)] ReadMemory at 0x29ada179930 of 62 bytes failed: 仅完成部分的 ReadProcessMemory 或 WriteProcessMemory 请求。 (0x12B)
[1204/141255.903:ERROR:process_memory_win.cc(73)] ReadMemory at 0x29ada179980 of 60 bytes failed: 仅完成部分的 ReadProcessMemory 或 WriteProcessMemory 请求。 (0x12B)
[1204/141255.903:ERROR:process_memory_win.cc(73)] ReadMemory at 0x29ada1799d0 of 62 bytes failed: 仅完成部分的 ReadProcessMemory 或 WriteProcessMemory 请求。 (0x12B)
[1204/141255.903:ERROR:process_memory_win.cc(73)] ReadMemory at 0x29ada179a20 of 64 bytes failed: 仅完成部分的 ReadProcessMemory 或 WriteProcessMemory 请求。 (0x12B)
[1204/141255.904:ERROR:process_memory_win.cc(73)] ReadMemory at 0x29ada17b8b0 of 132 bytes failed: 仅完成部分的 ReadProcessMemory 或 WriteProcessMemory 请求。 (0x12B)
[1204/141255.904:ERROR:process_memory_win.cc(73)] ReadMemory at 0x29ada17b9e0 of 132 bytes failed: 仅完成部分的 ReadProcessMemory 或 WriteProcessMemory 请求。 (0x12B)
[1204/141255.904:ERROR:process_memory_win.cc(73)] ReadMemory at 0x29ada17bf10 of 132 bytes failed: 仅完成部分的 ReadProcessMemory 或 WriteProcessMemory 请求。 (0x12B)
[1204/141255.904:ERROR:process_memory_win.cc(73)] ReadMemory at 0x29ada17c130 of 132 bytes failed: 仅完成部分的 ReadProcessMemory 或 WriteProcessMemory 请求。 (0x12B)
[1204/141255.904:ERROR:process_memory_win.cc(73)] ReadMemory at 0x29ada17c490 of 132 bytes failed: 仅完成部分的 ReadProcessMemory 或 WriteProcessMemory 请求。 (0x12B)
[1204/141255.904:ERROR:process_memory_win.cc(73)] ReadMemory at 0x29ada17d660 of 146 bytes failed: 仅完成部分的 ReadProcessMemory 或 WriteProcessMemory 请求。 (0x12B)
[1204/141255.904:ERROR:process_memory_win.cc(73)] ReadMemory at 0x29ada17df90 of 132 bytes failed: 仅完成部分的 ReadProcessMemory 或 WriteProcessMemory 请求。 (0x12B)
[1204/141255.904:ERROR:process_memory_win.cc(73)] ReadMemory at 0x29ada17e1f0 of 132 bytes failed: 仅完成部分的 ReadProcessMemory 或 WriteProcessMemory 请求。 (0x12B)
[1204/141255.904:ERROR:process_memory_win.cc(73)] ReadMemory at 0x29ada17e320 of 132 bytes failed: 仅完成部分的 ReadProcessMemory 或 WriteProcessMemory 请求。 (0x12B)
[1204/141255.904:ERROR:process_memory_win.cc(73)] ReadMemory at 0x29ada17e450 of 132 bytes failed: 仅完成部分的 ReadProcessMemory 或 WriteProcessMemory 请求。 (0x12B)
[1204/141255.904:ERROR:process_memory_win.cc(73)] ReadMemory at 0x29ada17e580 of 132 bytes failed: 仅完成部分的 ReadProcessMemory 或 WriteProcessMemory 请求。 (0x12B)
[1204/141255.905:ERROR:process_memory_win.cc(73)] ReadMemory at 0x29ada17e6b0 of 132 bytes failed: 仅完成部分的 ReadProcessMemory 或 WriteProcessMemory 请求。 (0x12B)
[1204/141255.905:ERROR:process_memory_win.cc(73)] ReadMemory at 0x29ada17e7e0 of 132 bytes failed: 仅完成部分的 ReadProcessMemory 或 WriteProcessMemory 请求。 (0x12B)
[1204/141255.905:ERROR:process_memory_win.cc(73)] ReadMemory at 0x29ada17e910 of 132 bytes failed: 仅完成部分的 ReadProcessMemory 或 WriteProcessMemory 请求。 (0x12B)
[1204/141255.905:ERROR:process_memory_win.cc(73)] ReadMemory at 0x29ada17ea40 of 132 bytes failed: 仅完成部分的 ReadProcessMemory 或 WriteProcessMemory 请求。 (0x12B)
[1204/141255.905:ERROR:process_memory_win.cc(73)] ReadMemory at 0x29ada17eb70 of 132 bytes failed: 仅完成部分的 ReadProcessMemory 或 WriteProcessMemory 请求。 (0x12B)
[1204/141255.905:ERROR:process_memory_win.cc(73)] ReadMemory at 0x29ada17eca0 of 132 bytes failed: 仅完成部分的 ReadProcessMemory 或 WriteProcessMemory 请求。 (0x12B)
[1204/141255.905:ERROR:process_memory_win.cc(73)] ReadMemory at 0x29ada17edd0 of 132 bytes failed: 仅完成部分的 ReadProcessMemory 或 WriteProcessMemory 请求。 (0x12B)
[1204/141255.905:ERROR:process_memory_win.cc(73)] ReadMemory at 0x29ada17f960 of 80 bytes failed: 仅完成部分的 ReadProcessMemory 或 WriteProcessMemory 请求。 (0x12B)
[1204/141255.905:ERROR:process_memory_win.cc(73)] ReadMemory at 0x29ada17fa20 of 76 bytes failed: 仅完成部分的 ReadProcessMemory 或 WriteProcessMemory 请求。 (0x12B)
[1204/141255.905:ERROR:process_memory_win.cc(73)] ReadMemory at 0x29ada181480 of 132 bytes failed: 仅完成部分的 ReadProcessMemory 或 WriteProcessMemory 请求。 (0x12B)
[1204/141255.906:ERROR:process_memory_win.cc(73)] ReadMemory at 0x29ada1815b0 of 132 bytes failed: 仅完成部分的 ReadProcessMemory 或 WriteProcessMemory 请求。 (0x12B)
[1204/141255.906:ERROR:process_memory_win.cc(73)] ReadMemory at 0x29ada181940 of 132 bytes failed: 仅完成部分的 ReadProcessMemory 或 WriteProcessMemory 请求。 (0x12B)
[1204/141255.906:ERROR:process_memory_win.cc(73)] ReadMemory at 0x29ada181a70 of 132 bytes failed: 仅完成部分的 ReadProcessMemory 或 WriteProcessMemory 请求。 (0x12B)
[1204/141255.906:ERROR:process_memory_win.cc(73)] ReadMemory at 0x29ada181ba0 of 132 bytes failed: 仅完成部分的 ReadProcessMemory 或 WriteProcessMemory 请求。 (0x12B)
[1204/141255.906:ERROR:process_memory_win.cc(73)] ReadMemory at 0x29ada181cd0 of 132 bytes failed: 仅完成部分的 ReadProcessMemory 或 WriteProcessMemory 请求。 (0x12B)
[1204/141255.906:ERROR:process_memory_win.cc(73)] ReadMemory at 0x29ada181f30 of 132 bytes failed: 仅完成部分的 ReadProcessMemory 或 WriteProcessMemory 请求。 (0x12B)
[1204/141255.906:ERROR:process_memory_win.cc(73)] ReadMemory at 0x29ada182190 of 132 bytes failed: 仅完成部分的 ReadProcessMemory 或 WriteProcessMemory 请求。 (0x12B)
[1204/141255.906:ERROR:process_memory_win.cc(73)] ReadMemory at 0x29ada182520 of 132 bytes failed: 仅完成部分的 ReadProcessMemory 或 WriteProcessMemory 请求。 (0x12B)
[1204/141255.906:ERROR:process_memory_win.cc(73)] ReadMemory at 0x29ada182d70 of 132 bytes failed: 仅完成部分的 ReadProcessMemory 或 WriteProcessMemory 请求。 (0x12B)
[1204/141255.906:ERROR:process_memory_win.cc(73)] ReadMemory at 0x29ada1cc670 of 640 bytes failed: 仅完成部分的 ReadProcessMemory 或 WriteProcessMemory 请求。 (0x12B)
[1204/141255.906:ERROR:process_memory_win.cc(73)] ReadMemory at 0x29ada1cd740 of 512 bytes failed: 仅完成部分的 ReadProcessMemory 或 WriteProcessMemory 请求。 (0x12B)
[1204/141255.907:ERROR:process_memory_win.cc(73)] ReadMemory at 0x29ada1d90c0 of 512 bytes failed: 仅完成部分的 ReadProcessMemory 或 WriteProcessMemory 请求。 (0x12B)
[1204/141255.907:ERROR:process_memory_win.cc(73)] ReadMemory at 0x29ada1ddd70 of 512 bytes failed: 仅完成部分的 ReadProcessMemory 或 WriteProcessMemory 请求。 (0x12B)
[1204/141255.907:ERROR:process_memory_win.cc(73)] ReadMemory at 0x29ada1e0660 of 512 bytes failed: 仅完成部分的 ReadProcessMemory 或 WriteProcessMemory 请求。 (0x12B)
[1204/141255.907:ERROR:process_memory_win.cc(73)] ReadMemory at 0x29ada1e56d0 of 960 bytes failed: 仅完成部分的 ReadProcessMemory 或 WriteProcessMemory 请求。 (0x12B)
[1204/141255.907:ERROR:process_memory_win.cc(73)] ReadMemory at 0x29ada207250 of 712 bytes failed: 仅完成部分的 ReadProcessMemory 或 WriteProcessMemory 请求。 (0x12B)
[1204/141255.907:ERROR:process_memory_win.cc(73)] ReadMemory at 0x29ada2112a0 of 512 bytes failed: 仅完成部分的 ReadProcessMemory 或 WriteProcessMemory 请求。 (0x12B)
[1204/141255.907:ERROR:process_memory_win.cc(73)] ReadMemory at 0x29ada217050 of 512 bytes failed: 仅完成部分的 ReadProcessMemory 或 WriteProcessMemory 请求。 (0x12B)
[1204/141255.907:ERROR:process_memory_win.cc(73)] ReadMemory at 0x29ada24b2b8 of 944 bytes failed: 仅完成部分的 ReadProcessMemory 或 WriteProcessMemory 请求。 (0x12B)
[1204/141255.907:ERROR:process_memory_win.cc(73)] ReadMemory at 0x29ada24bbb8 of 512 bytes failed: 仅完成部分的 ReadProcessMemory 或 WriteProcessMemory 请求。 (0x12B)
[1204/141255.907:ERROR:process_memory_win.cc(73)] ReadMemory at 0x29ada24c1e8 of 512 bytes failed: 仅完成部分的 ReadProcessMemory 或 WriteProcessMemory 请求。 (0x12B)
[1204/141255.907:ERROR:process_memory_win.cc(73)] ReadMemory at 0x29ada24cd28 of 512 bytes failed: 仅完成部分的 ReadProcessMemory 或 WriteProcessMemory 请求。 (0x12B)
[1204/141255.908:ERROR:process_memory_win.cc(73)] ReadMemory at 0x29ada321000 of 512 bytes failed: 仅完成部分的 ReadProcessMemory 或 WriteProcessMemory 请求。 (0x12B)
[1204/141255.908:ERROR:process_memory_win.cc(73)] ReadMemory at 0x29ada321780 of 512 bytes failed: 仅完成部分的 ReadProcessMemory 或 WriteProcessMemory 请求。 (0x12B)
[1204/141255.908:ERROR:process_memory_win.cc(73)] ReadMemory at 0x29adbbecef8 of 512 bytes failed: 仅完成部分的 ReadProcessMemory 或 WriteProcessMemory 请求。 (0x12B)
[1204/141255.908:ERROR:process_memory_win.cc(73)] ReadMemory at 0x29adbc16680 of 512 bytes failed: 仅完成部分的 ReadProcessMemory 或 WriteProcessMemory 请求。 (0x12B)
[1204/141255.908:ERROR:process_memory_win.cc(73)] ReadMemory at 0x29adbc19f36 of 512 bytes failed: 仅完成部分的 ReadProcessMemory 或 WriteProcessMemory 请求。 (0x12B)
[1204/141255.908:ERROR:process_memory_win.cc(73)] ReadMemory at 0x29adbc210c0 of 512 bytes failed: 仅完成部分的 ReadProcessMemory 或 WriteProcessMemory 请求。 (0x12B)
[1204/141255.908:ERROR:process_memory_win.cc(73)] ReadMemory at 0x29adbc25c46 of 672 bytes failed: 仅完成部分的 ReadProcessMemory 或 WriteProcessMemory 请求。 (0x12B)
[1204/141255.908:ERROR:process_memory_win.cc(73)] ReadMemory at 0x29adbc47310 of 512 bytes failed: 仅完成部分的 ReadProcessMemory 或 WriteProcessMemory 请求。 (0x12B)
[1204/141255.908:ERROR:process_memory_win.cc(73)] ReadMemory at 0x29adbce40b2 of 512 bytes failed: 仅完成部分的 ReadProcessMemory 或 WriteProcessMemory 请求。 (0x12B)
[1204/141255.908:ERROR:process_memory_win.cc(73)] ReadMemory at 0x29adbd691f0 of 512 bytes failed: 仅完成部分的 ReadProcessMemory 或 WriteProcessMemory 请求。 (0x12B)
[1204/141255.908:ERROR:process_memory_win.cc(73)] ReadMemory at 0x29adbd81300 of 512 bytes failed: 仅完成部分的 ReadProcessMemory 或 WriteProcessMemory 请求。 (0x12B)
[1204/141255.908:ERROR:process_memory_win.cc(73)] ReadMemory at 0x29adbdab500 of 512 bytes failed: 仅完成部分的 ReadProcessMemory 或 WriteProcessMemory 请求。 (0x12B)
[1204/141255.909:ERROR:process_memory_win.cc(73)] ReadMemory at 0x7ffa156b9130 of 543 bytes failed: 仅完成部分的 ReadProcessMemory 或 WriteProcessMemory 请求。 (0x12B)
[1204/141255.909:ERROR:process_memory_win.cc(73)] ReadMemory at 0x7ffa1ab4ba80 of 512 bytes failed: 仅完成部分的 ReadProcessMemory 或 WriteProcessMemory 请求。 (0x12B)
[1204/141255.909:ERROR:process_memory_win.cc(73)] ReadMemory at 0x7ffa68dcd700 of 512 bytes failed: 仅完成部分的 ReadProcessMemory 或 WriteProcessMemory 请求。 (0x12B)
[1204/141255.909:ERROR:process_memory_win.cc(73)] ReadMemory at 0x7ffa69fb1fd0 of 512 bytes failed: 仅完成部分的 ReadProcessMemory 或 WriteProcessMemory 请求。 (0x12B)
[1204/141255.909:ERROR:process_memory_win.cc(73)] ReadMemory at 0x7ffa6b6dc6f4 of 672 bytes failed: 仅完成部分的 ReadProcessMemory 或 WriteProcessMemory 请求。 (0x12B)
[1204/141255.909:ERROR:process_memory_win.cc(73)] ReadMemory at 0x7ffa6b6dccf4 of 512 bytes failed: 仅完成部分的 ReadProcessMemory 或 WriteProcessMemory 请求。 (0x12B)
[1204/141255.909:ERROR:process_memory_win.cc(73)] ReadMemory at 0x7ffa6b6dffa4 of 608 bytes failed: 仅完成部分的 ReadProcessMemory 或 WriteProcessMemory 请求。 (0x12B)
[1204/141255.909:ERROR:process_memory_win.cc(73)] ReadMemory at 0x7ffa6b76c428 of 18 bytes failed: 仅完成部分的 ReadProcessMemory 或 WriteProcessMemory 请求。 (0x12B)
[1204/141255.909:ERROR:process_memory_win.cc(73)] ReadMemory at 0x7ffa6b79f4f8 of 40 bytes failed: 仅完成部分的 ReadProcessMemory 或 WriteProcessMemory 请求。 (0x12B)
[1204/141255.909:ERROR:process_memory_win.cc(73)] ReadMemory at 0x7ffa6b79f978 of 48 bytes failed: 仅完成部分的 ReadProcessMemory 或 WriteProcessMemory 请求。 (0x12B)
[1204/141255.909:ERROR:process_memory_win.cc(73)] ReadMemory at 0x7ffa6b7a53c0 of 64 bytes failed: 仅完成部分的 ReadProcessMemory 或 WriteProcessMemory 请求。 (0x12B)
[1204/141255.912:ERROR:scoped_process_suspend.cc(40)] NtResumeProcess: 已尝试访问正在退出的过程。 (0xc000010a)
[1209/084616.705:ERROR:directory_reader_win.cc(43)] FindFirstFile: 系统找不到指定的路径。 (0x3)
